
> server@1.0.0 server /home/homary/Videos/KunNanController/server
> node bin/env $* "9090"

Server is running at localhost:9090
/user/checkLogin : {"username":"admin","password":"admin"}
/system/getSysList : {}
/instruction/sendSysInstruction : {"instruction":{"target":[],"action":"switch_theme","params":{"projectId":78,"themeId":248}},"routingkey":"GXX:VISION"}
/instruction/sendSysInstruction : {"instruction":{"target":[],"action":"switch_theme","params":{"projectId":78,"themeId":251}},"routingkey":"GXX:VISION"}
/system/getSysList : {}
/instruction/sendSysInstruction : {"instruction":{"target":[],"action":"switch_theme","params":{"projectId":78,"themeId":248}},"routingkey":"GXX:VISION"}
/instruction/sendSysInstruction : {"instruction":{"target":[],"action":"switch_theme","params":{"projectId":78,"themeId":251}},"routingkey":"GXX:VISION"}
/system/getSysList : {}
/instruction/sendSysInstruction : {"instruction":{"target":[],"action":"switch_theme","params":{"projectId":78,"themeId":248}},"routingkey":"GXX:VISION"}
Killed
npm ERR! code ELIFECYCLE
npm ERR! errno 137
npm ERR! server@1.0.0 server: `node bin/env $* "9090"`
npm ERR! Exit status 137
npm ERR! 
npm ERR! Failed at the server@1.0.0 server script.
npm ERR! This is probably not a problem with npm. There is likely additional logging output above.

npm ERR! A complete log of this run can be found in:
npm ERR!     /home/homary/.npm/_logs/2019-01-10T09_30_14_823Z-debug.log
